d:\shared_projects2\practical1physics\practical_1_build\practical1_bin.dir\release\main.obj
d:\shared_projects2\practical1physics\practical_1_build\practical1_bin.dir\release\vec3.obj
d:\shared_projects2\practical1physics\practical_1_build\practical1_bin.dir\release\polytope.obj
d:\shared_projects2\practical1physics\practical_1_build\practical1_bin.dir\release\mpr.obj
d:\shared_projects2\practical1physics\practical_1_build\practical1_bin.dir\release\support.obj
d:\shared_projects2\practical1physics\practical_1_build\practical1_bin.dir\release\ccd.obj
d:\gmt\game physics\practical_1_build\cmakefiles\generate.stamp
d:\gmt\game physics\practical_1_build\release\practical1_bin.exe
d:\gmt\game physics\practical_1_build\release\practical1_bin.lib
d:\gmt\game physics\practical_1_build\release\practical1_bin.exp
d:\shared_projects2\practical1physics\practical_1_build\practical1_bin.dir\release\practical1.tlog\cl.command.1.tlog
d:\shared_projects2\practical1physics\practical_1_build\practical1_bin.dir\release\practical1.tlog\cl.read.1.tlog
d:\shared_projects2\practical1physics\practical_1_build\practical1_bin.dir\release\practical1.tlog\cl.write.1.tlog
d:\shared_projects2\practical1physics\practical_1_build\practical1_bin.dir\release\practical1.tlog\custombuild.command.1.tlog
d:\shared_projects2\practical1physics\practical_1_build\practical1_bin.dir\release\practical1.tlog\custombuild.read.1.tlog
d:\shared_projects2\practical1physics\practical_1_build\practical1_bin.dir\release\practical1.tlog\custombuild.write.1.tlog
d:\shared_projects2\practical1physics\practical_1_build\practical1_bin.dir\release\practical1.tlog\link.command.1.tlog
d:\shared_projects2\practical1physics\practical_1_build\practical1_bin.dir\release\practical1.tlog\link.read.1.tlog
d:\shared_projects2\practical1physics\practical_1_build\practical1_bin.dir\release\practical1.tlog\link.write.1.tlog
d:\shared_projects2\practical1physics\practical_1_build\practical1_bin.dir\release\practical1.tlog\practical1.write.1u.tlog
