d:\gmt\game physics\practical_1_build\glfw\src\glfw.dir\release\osmesa_context.obj
d:\gmt\game physics\practical_1_build\glfw\src\glfw.dir\release\egl_context.obj
d:\gmt\game physics\practical_1_build\glfw\src\glfw.dir\release\wgl_context.obj
d:\gmt\game physics\practical_1_build\glfw\src\glfw.dir\release\win32_window.obj
d:\gmt\game physics\practical_1_build\glfw\src\glfw.dir\release\win32_thread.obj
d:\gmt\game physics\practical_1_build\glfw\src\glfw.dir\release\win32_time.obj
d:\gmt\game physics\practical_1_build\glfw\src\glfw.dir\release\win32_monitor.obj
d:\gmt\game physics\practical_1_build\glfw\src\glfw.dir\release\win32_joystick.obj
d:\gmt\game physics\practical_1_build\glfw\src\glfw.dir\release\win32_init.obj
d:\gmt\game physics\practical_1_build\glfw\src\glfw.dir\release\window.obj
d:\gmt\game physics\practical_1_build\glfw\src\glfw.dir\release\vulkan.obj
d:\gmt\game physics\practical_1_build\glfw\src\glfw.dir\release\monitor.obj
d:\gmt\game physics\practical_1_build\glfw\src\glfw.dir\release\input.obj
d:\gmt\game physics\practical_1_build\glfw\src\glfw.dir\release\init.obj
d:\gmt\game physics\practical_1_build\glfw\src\glfw.dir\release\context.obj
d:\gmt\game physics\practical_1_build\glfw\src\cmakefiles\generate.stamp
d:\gmt\game physics\practical_1_build\glfw\src\release\glfw3.lib
d:\shared_projects2\practical1physics\practical_1_build\glfw\src\glfw.dir\release\context.obj
d:\shared_projects2\practical1physics\practical_1_build\glfw\src\glfw.dir\release\egl_context.obj
d:\shared_projects2\practical1physics\practical_1_build\glfw\src\glfw.dir\release\init.obj
d:\shared_projects2\practical1physics\practical_1_build\glfw\src\glfw.dir\release\input.obj
d:\shared_projects2\practical1physics\practical_1_build\glfw\src\glfw.dir\release\monitor.obj
d:\shared_projects2\practical1physics\practical_1_build\glfw\src\glfw.dir\release\osmesa_context.obj
d:\shared_projects2\practical1physics\practical_1_build\glfw\src\glfw.dir\release\vulkan.obj
d:\shared_projects2\practical1physics\practical_1_build\glfw\src\glfw.dir\release\wgl_context.obj
d:\shared_projects2\practical1physics\practical_1_build\glfw\src\glfw.dir\release\win32_init.obj
d:\shared_projects2\practical1physics\practical_1_build\glfw\src\glfw.dir\release\win32_joystick.obj
d:\shared_projects2\practical1physics\practical_1_build\glfw\src\glfw.dir\release\win32_monitor.obj
d:\shared_projects2\practical1physics\practical_1_build\glfw\src\glfw.dir\release\win32_thread.obj
d:\shared_projects2\practical1physics\practical_1_build\glfw\src\glfw.dir\release\win32_time.obj
d:\shared_projects2\practical1physics\practical_1_build\glfw\src\glfw.dir\release\win32_window.obj
d:\shared_projects2\practical1physics\practical_1_build\glfw\src\glfw.dir\release\window.obj
d:\shared_projects2\practical1physics\practical_1_build\glfw\src\glfw.dir\release\glfw.tlog\cl.command.1.tlog
d:\shared_projects2\practical1physics\practical_1_build\glfw\src\glfw.dir\release\glfw.tlog\cl.read.1.tlog
d:\shared_projects2\practical1physics\practical_1_build\glfw\src\glfw.dir\release\glfw.tlog\cl.write.1.tlog
d:\shared_projects2\practical1physics\practical_1_build\glfw\src\glfw.dir\release\glfw.tlog\custombuild.command.1.tlog
d:\shared_projects2\practical1physics\practical_1_build\glfw\src\glfw.dir\release\glfw.tlog\custombuild.read.1.tlog
d:\shared_projects2\practical1physics\practical_1_build\glfw\src\glfw.dir\release\glfw.tlog\custombuild.write.1.tlog
d:\shared_projects2\practical1physics\practical_1_build\glfw\src\glfw.dir\release\glfw.tlog\lib-link.read.1.tlog
d:\shared_projects2\practical1physics\practical_1_build\glfw\src\glfw.dir\release\glfw.tlog\lib-link.write.1.tlog
d:\shared_projects2\practical1physics\practical_1_build\glfw\src\glfw.dir\release\glfw.tlog\lib.command.1.tlog
