d:\gmt\game physics\practical_1_build\practical1_bin.dir\debug\vc140.pdb
d:\gmt\game physics\practical_1_build\practical1_bin.dir\debug\main.obj
d:\gmt\game physics\practical_1_build\practical1_bin.dir\debug\support.obj
d:\gmt\game physics\practical_1_build\practical1_bin.dir\debug\ccd.obj
d:\gmt\game physics\practical_1_build\practical1_bin.dir\debug\vec3.obj
d:\gmt\game physics\practical_1_build\practical1_bin.dir\debug\polytope.obj
d:\gmt\game physics\practical_1_build\practical1_bin.dir\debug\mpr.obj
d:\gmt\game physics\practical_1_build\cmakefiles\generate.stamp
d:\gmt\game physics\practical_1_build\debug\practical1_bin.ilk
d:\gmt\game physics\practical_1_build\debug\practical1_bin.exe
d:\gmt\game physics\practical_1_build\debug\practical1_bin.pdb
d:\gmt\game physics\practical_1_build\debug\practical1_bin.lib
d:\gmt\game physics\practical_1_build\debug\practical1_bin.exp
d:\gmt\game physics\practical_1_build\practical1_bin.dir\debug\practical1_bin.vcxprojresolveassemblyreference.cache
d:\gmt\game physics\practical_1_build\practical1_bin.dir\debug\practical1.tlog\cl.command.1.tlog
d:\gmt\game physics\practical_1_build\practical1_bin.dir\debug\practical1.tlog\cl.read.1.tlog
d:\gmt\game physics\practical_1_build\practical1_bin.dir\debug\practical1.tlog\cl.write.1.tlog
d:\gmt\game physics\practical_1_build\practical1_bin.dir\debug\practical1.tlog\custombuild.command.1.tlog
d:\gmt\game physics\practical_1_build\practical1_bin.dir\debug\practical1.tlog\custombuild.read.1.tlog
d:\gmt\game physics\practical_1_build\practical1_bin.dir\debug\practical1.tlog\custombuild.write.1.tlog
d:\gmt\game physics\practical_1_build\practical1_bin.dir\debug\practical1.tlog\link.command.1.tlog
d:\gmt\game physics\practical_1_build\practical1_bin.dir\debug\practical1.tlog\link.read.1.tlog
d:\gmt\game physics\practical_1_build\practical1_bin.dir\debug\practical1.tlog\link.write.1.tlog
d:\gmt\game physics\practical_1_build\practical1_bin.dir\debug\practical1.tlog\practical1.write.1u.tlog
