d:\gmt\game physics\practical_1_build\imgui\imgui.dir\release\imgui_impl_opengl3.obj
d:\gmt\game physics\practical_1_build\imgui\imgui.dir\release\imgui_impl_glfw.obj
d:\gmt\game physics\practical_1_build\imgui\imgui.dir\release\imgui_draw.obj
d:\gmt\game physics\practical_1_build\imgui\imgui.dir\release\imgui_demo.obj
d:\gmt\game physics\practical_1_build\imgui\imgui.dir\release\imgui.obj
d:\gmt\game physics\practical_1_build\imgui\cmakefiles\generate.stamp
d:\gmt\game physics\practical_1_build\imgui\release\imgui.lib
d:\shared_projects2\practical1physics\practical_1_build\imgui\imgui.dir\release\imgui.vcxprojresolveassemblyreference.cache
d:\shared_projects2\practical1physics\practical_1_build\imgui\imgui.dir\release\imgui.obj
d:\shared_projects2\practical1physics\practical_1_build\imgui\imgui.dir\release\imgui_demo.obj
d:\shared_projects2\practical1physics\practical_1_build\imgui\imgui.dir\release\imgui_draw.obj
d:\shared_projects2\practical1physics\practical_1_build\imgui\imgui.dir\release\imgui_impl_glfw.obj
d:\shared_projects2\practical1physics\practical_1_build\imgui\imgui.dir\release\imgui_impl_opengl3.obj
d:\shared_projects2\practical1physics\practical_1_build\imgui\imgui.dir\release\imgui.tlog\cl.command.1.tlog
d:\shared_projects2\practical1physics\practical_1_build\imgui\imgui.dir\release\imgui.tlog\cl.read.1.tlog
d:\shared_projects2\practical1physics\practical_1_build\imgui\imgui.dir\release\imgui.tlog\cl.write.1.tlog
d:\shared_projects2\practical1physics\practical_1_build\imgui\imgui.dir\release\imgui.tlog\custombuild.command.1.tlog
d:\shared_projects2\practical1physics\practical_1_build\imgui\imgui.dir\release\imgui.tlog\custombuild.read.1.tlog
d:\shared_projects2\practical1physics\practical_1_build\imgui\imgui.dir\release\imgui.tlog\custombuild.write.1.tlog
d:\shared_projects2\practical1physics\practical_1_build\imgui\imgui.dir\release\imgui.tlog\lib-link.read.1.tlog
d:\shared_projects2\practical1physics\practical_1_build\imgui\imgui.dir\release\imgui.tlog\lib-link.write.1.tlog
d:\shared_projects2\practical1physics\practical_1_build\imgui\imgui.dir\release\imgui.tlog\lib.command.1.tlog
